<?xml version="1.0" encoding="utf-8"?><testsuites name="pytest tests"><testsuite name="pytest" errors="0" failures="0" skipped="0" tests="39" time="14.219" timestamp="2026-07-09T01:27:59.175430+00:00" hostname="agent-env-0da5675c-befc-488a-9863-6e329926739d"><testcase classname="tests.backend_test.TestPublicContent" name="test_get_content_returns_new_fields" time="0.145" /><testcase classname="tests.backend_test.TestPublicProfileBySlug" name="test_get_default_profile_by_slug" time="0.095" /><testcase classname="tests.backend_test.TestPublicProfileBySlug" name="test_get_nonexistent_profile_returns_404" time="0.109" /><testcase classname="tests.backend_test.TestAuth" name="test_login_success" time="0.389" /><testcase classname="tests.backend_test.TestAuth" name="test_login_wrong_password" time="0.389" /><testcase classname="tests.backend_test.TestAuth" name="test_me_with_token" time="0.470" /><testcase classname="tests.backend_test.TestAuth" name="test_me_no_token" time="0.147" /><testcase classname="tests.backend_test.TestProtectedNoAuth" name="test_list_profiles_unauth" time="0.127" /><testcase classname="tests.backend_test.TestProtectedNoAuth" name="test_create_profile_unauth" time="0.424" /><testcase classname="tests.backend_test.TestProtectedNoAuth" name="test_put_profile_unauth" time="0.161" /><testcase classname="tests.backend_test.TestProtectedNoAuth" name="test_patch_profile_unauth" time="0.147" /><testcase classname="tests.backend_test.TestProtectedNoAuth" name="test_delete_profile_unauth" time="0.130" /><testcase classname="tests.backend_test.TestProtectedNoAuth" name="test_reset_profile_unauth" time="0.128" /><testcase classname="tests.backend_test.TestProtectedNoAuth" name="test_upload_unauth" time="0.133" /><testcase classname="tests.backend_test.TestProfileCRUD" name="test_1_list_profiles_has_default" time="0.137" /><testcase classname="tests.backend_test.TestProfileCRUD" name="test_2_create_profile_copies_from_source" time="0.404" /><testcase classname="tests.backend_test.TestProfileCRUD" name="test_3_create_duplicate_generates_unique_slug" time="0.209" /><testcase classname="tests.backend_test.TestProfileCRUD" name="test_4_put_content_persists" time="0.284" /><testcase classname="tests.backend_test.TestProfileCRUD" name="test_5_patch_rename" time="0.162" /><testcase classname="tests.backend_test.TestProfileCRUD" name="test_6_patch_change_slug" time="0.283" /><testcase classname="tests.backend_test.TestProfileCRUD" name="test_7_patch_set_default_unsets_others" time="1.308" /><testcase classname="tests.backend_test.TestProfileCRUD" name="test_8_reset_profile" time="2.347" /><testcase classname="tests.backend_test.TestProfileCRUD" name="test_9_delete_default_promotes_other" time="1.183" /><testcase classname="tests.backend_test.TestProfileCRUD" name="test_a_cannot_delete_last_profile" time="0.176" /><testcase classname="tests.backend_test.TestProfileCRUD" name="test_b_delete_nonexistent" time="0.987" /><testcase classname="tests.backend_test.TestUpload" name="test_upload_png" time="0.114" /><testcase classname="tests.backend_test.TestUpload" name="test_upload_bad_type" time="0.087" /><testcase classname="tests.backend_test.TestProjectDatabaseModel" name="test_content_has_project_database" time="0.137" /><testcase classname="tests.backend_test.TestProjectDatabaseModel" name="test_stages_use_relation_model" time="0.116" /><testcase classname="tests.backend_test.TestProjectDatabaseModel" name="test_stages_have_nonempty_sao_in_demo" time="0.086" /><testcase classname="tests.backend_test.TestProjectDatabaseModel" name="test_projects_items_are_slots" time="0.088" /><testcase classname="tests.backend_test.TestProjectDatabaseModel" name="test_hero_layout_shape_showimage" time="0.089" /><testcase classname="tests.backend_test.TestProjectDatabaseModel" name="test_capabilities_categories_visible_description" time="0.083" /><testcase classname="tests.backend_test.TestProfileIndependence" name="test_1_create_from_main" time="0.090" /><testcase classname="tests.backend_test.TestProfileIndependence" name="test_2_edit_projectdb_does_not_leak" time="1.223" /><testcase classname="tests.backend_test.TestStageSAOBackfillAndPersistence" name="test_1_create_test_profile" time="0.101" /><testcase classname="tests.backend_test.TestStageSAOBackfillAndPersistence" name="test_2_backfill_defaults_missing_sao_to_empty" time="0.246" /><testcase classname="tests.backend_test.TestStageSAOBackfillAndPersistence" name="test_3_put_persists_edited_sao" time="0.273" /><testcase classname="tests.backend_test.TestStageSAOBackfillAndPersistence" name="test_4_main_default_still_has_sao" time="0.791" /></testsuite></testsuites>